<?xml version="1.0" encoding="UTF-8"?>
<!-- Generated by org.testng.reporters.JUnitReportReporter -->
<testsuite hostname="DESKTOP-473GOU4" failures="0" tests="1" name="com.inetbanking.testCases.TC_LoginTest_001" time="13.744" errors="0" timestamp="29 Oct 2021 13:48:52 GMT" skipped="0">
  <testcase classname="com.inetbanking.testCases.TC_LoginTest_001" name="loginTest" time="13.744"/>
</testsuite> <!-- com.inetbanking.testCases.TC_LoginTest_001 -->
